I, [2021-07-25T13:05:23.564971 #28873]  INFO -- : Refreshing Gem list
ActiveRecord::AdapterNotSpecified: database configuration does not specify adapter
  /Users/carlossolorio/.rbenv/versions/2.3.7/lib/ruby/gems/2.3.0/gems/activerecord-4.1.11/lib/active_record/connection_adapters/connection_specification.rb:184:in `spec'
  /Users/carlossolorio/.rbenv/versions/2.3.7/lib/ruby/gems/2.3.0/gems/activerecord-4.1.11/lib/active_record/connection_handling.rb:50:in `establish_connection'
  /Users/carlossolorio/.rbenv/versions/2.3.7/lib/ruby/gems/2.3.0/gems/activerecord-4.1.11/lib/active_record/railtie.rb:127:in `block (2 levels) in <class:Railtie>'
  /Users/carlossolorio/.rbenv/versions/2.3.7/lib/ruby/gems/2.3.0/gems/activesupport-4.1.11/lib/active_support/lazy_load_hooks.rb:38:in `instance_eval'
  /Users/carlossolorio/.rbenv/versions/2.3.7/lib/ruby/gems/2.3.0/gems/activesupport-4.1.11/lib/active_support/lazy_load_hooks.rb:38:in `execute_hook'
  /Users/carlossolorio/.rbenv/versions/2.3.7/lib/ruby/gems/2.3.0/gems/activesupport-4.1.11/lib/active_support/lazy_load_hooks.rb:28:in `block in on_load'
  /Users/carlossolorio/.rbenv/versions/2.3.7/lib/ruby/gems/2.3.0/gems/activesupport-4.1.11/lib/active_support/lazy_load_hooks.rb:27:in `each'
  /Users/carlossolorio/.rbenv/versions/2.3.7/lib/ruby/gems/2.3.0/gems/activesupport-4.1.11/lib/active_support/lazy_load_hooks.rb:27:in `on_load'
  /Users/carlossolorio/.rbenv/versions/2.3.7/lib/ruby/gems/2.3.0/gems/activerecord-4.1.11/lib/active_record/railtie.rb:116:in `block in <class:Railtie>'
  /Users/carlossolorio/.rbenv/versions/2.3.7/lib/ruby/gems/2.3.0/gems/railties-4.1.11/lib/rails/initializable.rb:30:in `instance_exec'
  /Users/carlossolorio/.rbenv/versions/2.3.7/lib/ruby/gems/2.3.0/gems/railties-4.1.11/lib/rails/initializable.rb:30:in `run'
  /Users/carlossolorio/.rbenv/versions/2.3.7/lib/ruby/gems/2.3.0/gems/railties-4.1.11/lib/rails/initializable.rb:55:in `block in run_initializers'
  /Users/carlossolorio/.rbenv/versions/2.3.7/lib/ruby/2.3.0/tsort.rb:228:in `block in tsort_each'
  /Users/carlossolorio/.rbenv/versions/2.3.7/lib/ruby/2.3.0/tsort.rb:350:in `block (2 levels) in each_strongly_connected_component'
  /Users/carlossolorio/.rbenv/versions/2.3.7/lib/ruby/2.3.0/tsort.rb:431:in `each_strongly_connected_component_from'
  /Users/carlossolorio/.rbenv/versions/2.3.7/lib/ruby/2.3.0/tsort.rb:349:in `block in each_strongly_connected_component'
  /Users/carlossolorio/.rbenv/versions/2.3.7/lib/ruby/2.3.0/tsort.rb:347:in `each'
  /Users/carlossolorio/.rbenv/versions/2.3.7/lib/ruby/2.3.0/tsort.rb:347:in `call'
  /Users/carlossolorio/.rbenv/versions/2.3.7/lib/ruby/2.3.0/tsort.rb:347:in `each_strongly_connected_component'
  /Users/carlossolorio/.rbenv/versions/2.3.7/lib/ruby/2.3.0/tsort.rb:226:in `tsort_each'
  /Users/carlossolorio/.rbenv/versions/2.3.7/lib/ruby/2.3.0/tsort.rb:205:in `tsort_each'
  /Users/carlossolorio/.rbenv/versions/2.3.7/lib/ruby/gems/2.3.0/gems/railties-4.1.11/lib/rails/initializable.rb:54:in `run_initializers'
  /Users/carlossolorio/.rbenv/versions/2.3.7/lib/ruby/gems/2.3.0/gems/railties-4.1.11/lib/rails/application.rb:300:in `initialize!'
  /Users/carlossolorio/RubymineProjects/restaurant/config/environment.rb:5:in `<top (required)>'
  config.ru:4:in `require'
  config.ru:4:in `block in <main>'
  /Users/carlossolorio/.rbenv/versions/2.3.7/lib/ruby/gems/2.3.0/gems/rack-1.5.5/lib/rack/builder.rb:55:in `instance_eval'
  /Users/carlossolorio/.rbenv/versions/2.3.7/lib/ruby/gems/2.3.0/gems/rack-1.5.5/lib/rack/builder.rb:55:in `initialize'
  config.ru:1:in `new'
  config.ru:1:in `<main>'
  /Users/carlossolorio/.rbenv/versions/2.3.7/lib/ruby/gems/2.3.0/gems/unicorn-6.0.0/lib/unicorn.rb:54:in `eval'
  /Users/carlossolorio/.rbenv/versions/2.3.7/lib/ruby/gems/2.3.0/gems/unicorn-6.0.0/lib/unicorn.rb:54:in `block in builder'
  /Users/carlossolorio/.rbenv/versions/2.3.7/lib/ruby/gems/2.3.0/gems/unicorn-6.0.0/lib/unicorn/http_server.rb:826:in `build_app!'
  /Users/carlossolorio/.rbenv/versions/2.3.7/lib/ruby/gems/2.3.0/gems/unicorn-6.0.0/lib/unicorn/http_server.rb:140:in `start'
  /Users/carlossolorio/.rbenv/versions/2.3.7/lib/ruby/gems/2.3.0/gems/unicorn-6.0.0/bin/unicorn:128:in `<top (required)>'
  /Users/carlossolorio/.rbenv/versions/2.3.7/bin/unicorn:22:in `load'
  /Users/carlossolorio/.rbenv/versions/2.3.7/bin/unicorn:22:in `<top (required)>'
